<?xml version="1.0" encoding="UTF-8"?>
<!-- Generated by org.testng.reporters.JUnitReportReporter -->
<testsuite hostname="ParasJain" failures="0" tests="4" name="com.telus.annotations.Rohan" time="35.954" errors="0" timestamp="2022-08-08T17:40:21 IST" skipped="0">
  <testcase classname="com.telus.annotations.Rohan" name="navigateToMultipleWindows" time="11.614"/>
  <system-out/>
  <testcase classname="com.telus.annotations.Rohan" name="navigateToWebTable" time="8.436"/>
  <system-out/>
  <testcase classname="com.telus.annotations.Rohan" name="navigateToAlertAndPopup" time="7.562"/>
  <system-out/>
  <testcase classname="com.telus.annotations.Rohan" name="navigateToRegistrationForm" time="8.342"/>
  <system-out/>
</testsuite> <!-- com.telus.annotations.Rohan -->
