<?xml version="1.0" encoding="UTF-8"?>
<!-- Generated by org.testng.reporters.JUnitReportReporter -->
<testsuite hostname="ParasJain" failures="0" tests="3" name="com.telus.annotations.ClassLevel" time="5.882" errors="0" timestamp="2022-08-08T16:30:02 IST" skipped="0">
  <testcase classname="com.telus.annotations.ClassLevel" name="navigateToWebTable" time="2.030"/>
  <system-out/>
  <testcase classname="com.telus.annotations.ClassLevel" name="navigateToRegister" time="1.631"/>
  <system-out/>
  <testcase classname="com.telus.annotations.ClassLevel" name="navigateToPopUp" time="2.221"/>
  <system-out/>
</testsuite> <!-- com.telus.annotations.ClassLevel -->
