<?xml version="1.0" encoding="UTF-8"?>
<!-- Generated by org.testng.reporters.JUnitReportReporter -->
<testsuite hostname="ParasJain" failures="0" tests="3" name="com.telus.annotations.MethodLevel" time="27.249" errors="0" timestamp="2022-08-08T16:24:40 IST" skipped="0">
  <testcase classname="com.telus.annotations.MethodLevel" name="navigateToWebTable" time="10.071"/>
  <system-out/>
  <testcase classname="com.telus.annotations.MethodLevel" name="navigateToRegister" time="6.010"/>
  <system-out/>
  <testcase classname="com.telus.annotations.MethodLevel" name="navigateToPopUp" time="11.168"/>
  <system-out/>
</testsuite> <!-- com.telus.annotations.MethodLevel -->
