<?xml version="1.0" encoding="UTF-8"?>
<!-- Generated by org.testng.reporters.JUnitReportReporter -->
<testsuite hostname="ParasJain" failures="0" tests="5" name="com.telus.testannotation.RegisterUserDemo" time="11.237" errors="0" timestamp="2022-09-06T17:54:00 IST" skipped="0">
  <testcase classname="com.telus.testannotation.RegisterUserDemo" name="launchApplication" time="6.062"/>
  <system-out>
    <![CDATA[Application Launched Successfully]]>
  </system-out>
  <testcase classname="com.telus.testannotation.RegisterUserDemo" name="navigateToRegistraionForm" time="1.673"/>
  <system-out>
    <![CDATA[Registration Title is Displayed
Registration Title is Matched
Registraion Form opened Successfully]]>
  </system-out>
  <testcase classname="com.telus.testannotation.RegisterUserDemo" name="registerUser" time="3.392"/>
  <system-out>
    <![CDATA[******************************************************************************
First name is Enabled
First name is Paras
******************************************************************************
Last name is Enabled
Last name is Jain
******************************************************************************
Male is not Selected
Male is now Selected
******************************************************************************
Address is Enabled
Address is Keshavkunj
******************************************************************************
Street is Enabled
Street is Govindpuram
******************************************************************************
City is Enabled
City is Ghaziabad
******************************************************************************
State is Enabled
State is Uttarpradesh
******************************************************************************
Zip-code is Enabled
Zip-code is 201013
******************************************************************************
Country dropdown Enabled
Country dropdown India
******************************************************************************
E-Mail is Enabled
E-Mail is parasjain@gmail.com
******************************************************************************
Date of Demo is Enabled
Date of Demo is 01/08/2022
******************************************************************************
Hour is Enabled
Hour is 08
Minutes is Enabled
Minutes is 55
******************************************************************************
Mobile Number is Enabled
Mobile Number is 5557894561
******************************************************************************
Query is Enabled
Query is Enter your query
******************************************************************************
Core Java checkbox is not Selected
Core Java checkbox is now Selected
Test NG checkbox is not Selected
Test NG checkbox is now Selected
******************************************************************************
Two-Digits are Enabled
Two Digits are : 99
******************************************************************************
Submit button is Enabled
Submit button is Clicked
User Registered Successfully]]>
  </system-out>
  <testcase classname="com.telus.testannotation.RegisterUserDemo" name="validateSuccessFullMsg" time="0.051"/>
  <system-out>
    <![CDATA[******************************************************************************
Registration Successfull is Displayed
Transaction ID is NXTGEN1937465
Actual message -> Registration Form is Successfully Submitted. The Transaction ID : NXTGEN1937465
Validation is Successfull]]>
  </system-out>
  <testcase classname="com.telus.testannotation.RegisterUserDemo" name="closeApplication" time="0.059"/>
  <system-out>
    <![CDATA[Application Closed Successfully]]>
  </system-out>
</testsuite> <!-- com.telus.testannotation.RegisterUserDemo -->
